Determining if the pthread_create exist failed with the following output:
Change Dir: /home/parkjiil/SFND_Lidar_Obstacle_Detection-master/build/CMakeFiles/CMakeTmp

Run Build Command:"/usr/bin/make" "cmTC_3de49/fast"
/usr/bin/make -f CMakeFiles/cmTC_3de49.dir/build.make CMakeFiles/cmTC_3de49.dir/build
make[1]: Entering directory '/home/parkjiil/SFND_Lidar_Obstacle_Detection-master/build/CMakeFiles/CMakeTmp'
Building C object CMakeFiles/cmTC_3de49.dir/CheckSymbolExists.c.o
/usr/bin/cc    -o CMakeFiles/cmTC_3de49.dir/CheckSymbolExists.c.o   -c /home/parkjiil/SFND_Lidar_Obstacle_Detection-master/build/CMakeFiles/CMakeTmp/CheckSymbolExists.c
Linking C executable cmTC_3de49
/usr/bin/cmake -E cmake_link_script CMakeFiles/cmTC_3de49.dir/link.txt --verbose=1
/usr/bin/cc      -rdynamic CMakeFiles/cmTC_3de49.dir/CheckSymbolExists.c.o  -o cmTC_3de49 
CMakeFiles/cmTC_3de49.dir/CheckSymbolExists.c.o: In function `main':
CheckSymbolExists.c:(.text+0x1b): undefined reference to `pthread_create'
collect2: error: ld returned 1 exit status
CMakeFiles/cmTC_3de49.dir/build.make:97: recipe for target 'cmTC_3de49' failed
make[1]: *** [cmTC_3de49] Error 1
make[1]: Leaving directory '/home/parkjiil/SFND_Lidar_Obstacle_Detection-master/build/CMakeFiles/CMakeTmp'
Makefile:126: recipe for target 'cmTC_3de49/fast' failed
make: *** [cmTC_3de49/fast] Error 2

File /home/parkjiil/SFND_Lidar_Obstacle_Detection-master/build/CMakeFiles/CMakeTmp/CheckSymbolExists.c:
/* */
#include <pthread.h>

int main(int argc, char** argv)
{
  (void)argv;
#ifndef pthread_create
  return ((int*)(&pthread_create))[argc];
#else
  (void)argc;
  return 0;
#endif
}

Determining if the function pthread_create exists in the pthreads failed with the following output:
Change Dir: /home/parkjiil/SFND_Lidar_Obstacle_Detection-master/build/CMakeFiles/CMakeTmp

Run Build Command:"/usr/bin/make" "cmTC_efec7/fast"
/usr/bin/make -f CMakeFiles/cmTC_efec7.dir/build.make CMakeFiles/cmTC_efec7.dir/build
make[1]: Entering directory '/home/parkjiil/SFND_Lidar_Obstacle_Detection-master/build/CMakeFiles/CMakeTmp'
Building C object CMakeFiles/cmTC_efec7.dir/CheckFunctionExists.c.o
/usr/bin/cc   -DCHECK_FUNCTION_EXISTS=pthread_create   -o CMakeFiles/cmTC_efec7.dir/CheckFunctionExists.c.o   -c /usr/share/cmake-3.10/Modules/CheckFunctionExists.c
Linking C executable cmTC_efec7
/usr/bin/cmake -E cmake_link_script CMakeFiles/cmTC_efec7.dir/link.txt --verbose=1
/usr/bin/cc  -DCHECK_FUNCTION_EXISTS=pthread_create    -rdynamic CMakeFiles/cmTC_efec7.dir/CheckFunctionExists.c.o  -o cmTC_efec7 -lpthreads 
/usr/bin/ld: cannot find -lpthreads
collect2: error: ld returned 1 exit status
CMakeFiles/cmTC_efec7.dir/build.make:97: recipe for target 'cmTC_efec7' failed
make[1]: *** [cmTC_efec7] Error 1
make[1]: Leaving directory '/home/parkjiil/SFND_Lidar_Obstacle_Detection-master/build/CMakeFiles/CMakeTmp'
Makefile:126: recipe for target 'cmTC_efec7/fast' failed
make: *** [cmTC_efec7/fast] Error 2


Determining if the pthread_create exist failed with the following output:
Change Dir: /home/parkjiil/Lidar_Obstacle_Detection(project)/build/CMakeFiles/CMakeTmp

Run Build Command:"/usr/bin/make" "cmTC_d82c0/fast"
/usr/bin/make -f CMakeFiles/cmTC_d82c0.dir/build.make CMakeFiles/cmTC_d82c0.dir/build
make[1]: Entering directory '/home/parkjiil/Lidar_Obstacle_Detection(project)/build/CMakeFiles/CMakeTmp'
Building C object CMakeFiles/cmTC_d82c0.dir/CheckSymbolExists.c.o
/usr/bin/cc    -o CMakeFiles/cmTC_d82c0.dir/CheckSymbolExists.c.o   -c "/home/parkjiil/Lidar_Obstacle_Detection(project)/build/CMakeFiles/CMakeTmp/CheckSymbolExists.c"
Linking C executable cmTC_d82c0
/usr/bin/cmake -E cmake_link_script CMakeFiles/cmTC_d82c0.dir/link.txt --verbose=1
/usr/bin/cc      -rdynamic CMakeFiles/cmTC_d82c0.dir/CheckSymbolExists.c.o  -o cmTC_d82c0 
CMakeFiles/cmTC_d82c0.dir/CheckSymbolExists.c.o: In function `main':
CheckSymbolExists.c:(.text+0x1b): undefined reference to `pthread_create'
collect2: error: ld returned 1 exit status
CMakeFiles/cmTC_d82c0.dir/build.make:97: recipe for target 'cmTC_d82c0' failed
make[1]: *** [cmTC_d82c0] Error 1
make[1]: Leaving directory '/home/parkjiil/Lidar_Obstacle_Detection(project)/build/CMakeFiles/CMakeTmp'
Makefile:126: recipe for target 'cmTC_d82c0/fast' failed
make: *** [cmTC_d82c0/fast] Error 2

File /home/parkjiil/Lidar_Obstacle_Detection(project)/build/CMakeFiles/CMakeTmp/CheckSymbolExists.c:
/* */
#include <pthread.h>

int main(int argc, char** argv)
{
  (void)argv;
#ifndef pthread_create
  return ((int*)(&pthread_create))[argc];
#else
  (void)argc;
  return 0;
#endif
}

Determining if the function pthread_create exists in the pthreads failed with the following output:
Change Dir: /home/parkjiil/Lidar_Obstacle_Detection(project)/build/CMakeFiles/CMakeTmp

Run Build Command:"/usr/bin/make" "cmTC_3d34e/fast"
/usr/bin/make -f CMakeFiles/cmTC_3d34e.dir/build.make CMakeFiles/cmTC_3d34e.dir/build
make[1]: Entering directory '/home/parkjiil/Lidar_Obstacle_Detection(project)/build/CMakeFiles/CMakeTmp'
Building C object CMakeFiles/cmTC_3d34e.dir/CheckFunctionExists.c.o
/usr/bin/cc   -DCHECK_FUNCTION_EXISTS=pthread_create   -o CMakeFiles/cmTC_3d34e.dir/CheckFunctionExists.c.o   -c /usr/share/cmake-3.10/Modules/CheckFunctionExists.c
Linking C executable cmTC_3d34e
/usr/bin/cmake -E cmake_link_script CMakeFiles/cmTC_3d34e.dir/link.txt --verbose=1
/usr/bin/cc  -DCHECK_FUNCTION_EXISTS=pthread_create    -rdynamic CMakeFiles/cmTC_3d34e.dir/CheckFunctionExists.c.o  -o cmTC_3d34e -lpthreads 
/usr/bin/ld: cannot find -lpthreads
collect2: error: ld returned 1 exit status
CMakeFiles/cmTC_3d34e.dir/build.make:97: recipe for target 'cmTC_3d34e' failed
make[1]: *** [cmTC_3d34e] Error 1
make[1]: Leaving directory '/home/parkjiil/Lidar_Obstacle_Detection(project)/build/CMakeFiles/CMakeTmp'
Makefile:126: recipe for target 'cmTC_3d34e/fast' failed
make: *** [cmTC_3d34e/fast] Error 2


Determining if the pthread_create exist failed with the following output:
Change Dir: /home/parkjiil/Lidar_Obstacle_Detection(project)/build/CMakeFiles/CMakeTmp

Run Build Command:"/usr/bin/make" "cmTC_d56b6/fast"
/usr/bin/make -f CMakeFiles/cmTC_d56b6.dir/build.make CMakeFiles/cmTC_d56b6.dir/build
make[1]: Entering directory '/home/parkjiil/Lidar_Obstacle_Detection(project)/build/CMakeFiles/CMakeTmp'
Building C object CMakeFiles/cmTC_d56b6.dir/CheckSymbolExists.c.o
/usr/bin/cc    -o CMakeFiles/cmTC_d56b6.dir/CheckSymbolExists.c.o   -c "/home/parkjiil/Lidar_Obstacle_Detection(project)/build/CMakeFiles/CMakeTmp/CheckSymbolExists.c"
Linking C executable cmTC_d56b6
/usr/bin/cmake -E cmake_link_script CMakeFiles/cmTC_d56b6.dir/link.txt --verbose=1
/usr/bin/cc      -rdynamic CMakeFiles/cmTC_d56b6.dir/CheckSymbolExists.c.o  -o cmTC_d56b6 
CMakeFiles/cmTC_d56b6.dir/CheckSymbolExists.c.o: In function `main':
CheckSymbolExists.c:(.text+0x1b): undefined reference to `pthread_create'
collect2: error: ld returned 1 exit status
CMakeFiles/cmTC_d56b6.dir/build.make:97: recipe for target 'cmTC_d56b6' failed
make[1]: *** [cmTC_d56b6] Error 1
make[1]: Leaving directory '/home/parkjiil/Lidar_Obstacle_Detection(project)/build/CMakeFiles/CMakeTmp'
Makefile:126: recipe for target 'cmTC_d56b6/fast' failed
make: *** [cmTC_d56b6/fast] Error 2

File /home/parkjiil/Lidar_Obstacle_Detection(project)/build/CMakeFiles/CMakeTmp/CheckSymbolExists.c:
/* */
#include <pthread.h>

int main(int argc, char** argv)
{
  (void)argv;
#ifndef pthread_create
  return ((int*)(&pthread_create))[argc];
#else
  (void)argc;
  return 0;
#endif
}

Determining if the function pthread_create exists in the pthreads failed with the following output:
Change Dir: /home/parkjiil/Lidar_Obstacle_Detection(project)/build/CMakeFiles/CMakeTmp

Run Build Command:"/usr/bin/make" "cmTC_84bfb/fast"
/usr/bin/make -f CMakeFiles/cmTC_84bfb.dir/build.make CMakeFiles/cmTC_84bfb.dir/build
make[1]: Entering directory '/home/parkjiil/Lidar_Obstacle_Detection(project)/build/CMakeFiles/CMakeTmp'
Building C object CMakeFiles/cmTC_84bfb.dir/CheckFunctionExists.c.o
/usr/bin/cc   -DCHECK_FUNCTION_EXISTS=pthread_create   -o CMakeFiles/cmTC_84bfb.dir/CheckFunctionExists.c.o   -c /usr/share/cmake-3.10/Modules/CheckFunctionExists.c
Linking C executable cmTC_84bfb
/usr/bin/cmake -E cmake_link_script CMakeFiles/cmTC_84bfb.dir/link.txt --verbose=1
/usr/bin/cc  -DCHECK_FUNCTION_EXISTS=pthread_create    -rdynamic CMakeFiles/cmTC_84bfb.dir/CheckFunctionExists.c.o  -o cmTC_84bfb -lpthreads 
/usr/bin/ld: cannot find -lpthreads
collect2: error: ld returned 1 exit status
CMakeFiles/cmTC_84bfb.dir/build.make:97: recipe for target 'cmTC_84bfb' failed
make[1]: *** [cmTC_84bfb] Error 1
make[1]: Leaving directory '/home/parkjiil/Lidar_Obstacle_Detection(project)/build/CMakeFiles/CMakeTmp'
Makefile:126: recipe for target 'cmTC_84bfb/fast' failed
make: *** [cmTC_84bfb/fast] Error 2


Determining if the pthread_create exist failed with the following output:
Change Dir: /home/parkjiil/Lidar_Obstacle_Detection(project_PJI)/build/CMakeFiles/CMakeTmp

Run Build Command:"/usr/bin/make" "cmTC_e0cb1/fast"
/usr/bin/make -f CMakeFiles/cmTC_e0cb1.dir/build.make CMakeFiles/cmTC_e0cb1.dir/build
make[1]: Entering directory '/home/parkjiil/Lidar_Obstacle_Detection(project_PJI)/build/CMakeFiles/CMakeTmp'
Building C object CMakeFiles/cmTC_e0cb1.dir/CheckSymbolExists.c.o
/usr/bin/cc    -o CMakeFiles/cmTC_e0cb1.dir/CheckSymbolExists.c.o   -c "/home/parkjiil/Lidar_Obstacle_Detection(project_PJI)/build/CMakeFiles/CMakeTmp/CheckSymbolExists.c"
Linking C executable cmTC_e0cb1
/usr/bin/cmake -E cmake_link_script CMakeFiles/cmTC_e0cb1.dir/link.txt --verbose=1
/usr/bin/cc      -rdynamic CMakeFiles/cmTC_e0cb1.dir/CheckSymbolExists.c.o  -o cmTC_e0cb1 
CMakeFiles/cmTC_e0cb1.dir/CheckSymbolExists.c.o: In function `main':
CheckSymbolExists.c:(.text+0x1b): undefined reference to `pthread_create'
collect2: error: ld returned 1 exit status
CMakeFiles/cmTC_e0cb1.dir/build.make:97: recipe for target 'cmTC_e0cb1' failed
make[1]: *** [cmTC_e0cb1] Error 1
make[1]: Leaving directory '/home/parkjiil/Lidar_Obstacle_Detection(project_PJI)/build/CMakeFiles/CMakeTmp'
Makefile:126: recipe for target 'cmTC_e0cb1/fast' failed
make: *** [cmTC_e0cb1/fast] Error 2

File /home/parkjiil/Lidar_Obstacle_Detection(project_PJI)/build/CMakeFiles/CMakeTmp/CheckSymbolExists.c:
/* */
#include <pthread.h>

int main(int argc, char** argv)
{
  (void)argv;
#ifndef pthread_create
  return ((int*)(&pthread_create))[argc];
#else
  (void)argc;
  return 0;
#endif
}

Determining if the function pthread_create exists in the pthreads failed with the following output:
Change Dir: /home/parkjiil/Lidar_Obstacle_Detection(project_PJI)/build/CMakeFiles/CMakeTmp

Run Build Command:"/usr/bin/make" "cmTC_d8407/fast"
/usr/bin/make -f CMakeFiles/cmTC_d8407.dir/build.make CMakeFiles/cmTC_d8407.dir/build
make[1]: Entering directory '/home/parkjiil/Lidar_Obstacle_Detection(project_PJI)/build/CMakeFiles/CMakeTmp'
Building C object CMakeFiles/cmTC_d8407.dir/CheckFunctionExists.c.o
/usr/bin/cc   -DCHECK_FUNCTION_EXISTS=pthread_create   -o CMakeFiles/cmTC_d8407.dir/CheckFunctionExists.c.o   -c /usr/share/cmake-3.10/Modules/CheckFunctionExists.c
Linking C executable cmTC_d8407
/usr/bin/cmake -E cmake_link_script CMakeFiles/cmTC_d8407.dir/link.txt --verbose=1
/usr/bin/cc  -DCHECK_FUNCTION_EXISTS=pthread_create    -rdynamic CMakeFiles/cmTC_d8407.dir/CheckFunctionExists.c.o  -o cmTC_d8407 -lpthreads 
/usr/bin/ld: cannot find -lpthreads
collect2: error: ld returned 1 exit status
CMakeFiles/cmTC_d8407.dir/build.make:97: recipe for target 'cmTC_d8407' failed
make[1]: *** [cmTC_d8407] Error 1
make[1]: Leaving directory '/home/parkjiil/Lidar_Obstacle_Detection(project_PJI)/build/CMakeFiles/CMakeTmp'
Makefile:126: recipe for target 'cmTC_d8407/fast' failed
make: *** [cmTC_d8407/fast] Error 2


